<?xml version="1.0" encoding="UTF-8"?>
<!-- Generated by org.testng.reporters.JUnitReportReporter -->
<testsuite hostname="chenxjMacBook-Pro.local" name="com.ugc.testcase.HomePageTest" tests="2" failures="0" timestamp="1 Jun 2017 11:53:21 GMT" time="25.292" errors="0">
  <testcase name="switchHomePage" time="8.320" classname="com.ugc.testcase.HomePageTest"/>
  <testcase name="swipeToLeft" time="16.972" classname="com.ugc.testcase.HomePageTest"/>
</testsuite> <!-- com.ugc.testcase.HomePageTest -->
